Library/Bee/Android/Prj/IL2CPP/Gradle/launcher/build/intermediates/manifest_merge_blame_file/release/manifest-merger-blame-release-report.txt
1<?xml version="1.0" encoding="utf-8"?>
2<manifest xmlns:android="http://schemas.android.com/apk/res/android"
3    package="com.DefaultCompany.prakuxm13"
4    android:installLocation="auto"
5    android:versionCode="1"
6    android:versionName="0.1" >
7
8    <uses-sdk
9        android:minSdkVersion="23"
9-->src\main\AndroidManifest.xml
10        android:targetSdkVersion="32" />
10-->src\main\AndroidManifest.xml
11
12    <supports-screens
12-->src\main\AndroidManifest.xml:4:3-163
13        android:anyDensity="true"
13-->src\main\AndroidManifest.xml:4:135-160
14        android:largeScreens="true"
14-->src\main\AndroidManifest.xml:4:78-105
15        android:normalScreens="true"
15-->src\main\AndroidManifest.xml:4:49-77
16        android:smallScreens="true"
16-->src\main\AndroidManifest.xml:4:21-48
17        android:xlargeScreens="true" />
17-->src\main\AndroidManifest.xml:4:106-134
18
19    <uses-permission android:name="android.permission.INTERNET" />
19-->[:unityLibrary] AndroidManifest.xml:11:5-67
19-->[:unityLibrary] AndroidManifest.xml:11:22-64
20    <uses-permission android:name="android.permission.ACCESS_NETWORK_STATE" />
20-->[:unityLibrary] AndroidManifest.xml:12:5-79
20-->[:unityLibrary] AndroidManifest.xml:12:22-76
21    <uses-permission android:name="android.permission.RECORD_AUDIO" />
21-->[:unityLibrary] AndroidManifest.xml:13:5-71
21-->[:unityLibrary] AndroidManifest.xml:13:22-68
22    <uses-permission android:name="android.permission.MODIFY_AUDIO_SETTINGS" />
22-->[:unityLibrary] AndroidManifest.xml:14:5-80
22-->[:unityLibrary] AndroidManifest.xml:14:22-77
23
24    <uses-feature android:glEsVersion="0x00030000" />
24-->[:unityLibrary] AndroidManifest.xml:16:5-54
24-->[:unityLibrary] AndroidManifest.xml:16:19-51
25    <uses-feature
25-->[:unityLibrary] AndroidManifest.xml:17:5-19:36
26        android:name="android.hardware.vulkan.version"
26-->[:unityLibrary] AndroidManifest.xml:18:9-55
27        android:required="false" />
27-->[:unityLibrary] AndroidManifest.xml:19:9-33
28    <uses-feature
28-->[:unityLibrary] AndroidManifest.xml:20:5-22:36
29        android:name="android.hardware.microphone"
29-->[:unityLibrary] AndroidManifest.xml:21:9-51
30        android:required="false" />
30-->[:unityLibrary] AndroidManifest.xml:22:9-33
31    <uses-feature
31-->[:unityLibrary] AndroidManifest.xml:23:5-25:36
32        android:name="android.hardware.touchscreen"
32-->[:unityLibrary] AndroidManifest.xml:24:9-52
33        android:required="false" />
33-->[:unityLibrary] AndroidManifest.xml:25:9-33
34    <uses-feature
34-->[:unityLibrary] AndroidManifest.xml:26:5-28:36
35        android:name="android.hardware.touchscreen.multitouch"
35-->[:unityLibrary] AndroidManifest.xml:27:9-63
36        android:required="false" />
36-->[:unityLibrary] AndroidManifest.xml:28:9-33
37    <uses-feature
37-->[:unityLibrary] AndroidManifest.xml:29:5-31:36
38        android:name="android.hardware.touchscreen.multitouch.distinct"
38-->[:unityLibrary] AndroidManifest.xml:30:9-72
39        android:required="false" />
39-->[:unityLibrary] AndroidManifest.xml:31:9-33
40    <uses-feature
40-->[:unityLibrary] AndroidManifest.xml:32:5-35:31
41        android:name="android.hardware.vr.headtracking"
41-->[:unityLibrary] AndroidManifest.xml:33:9-56
42        android:required="true"
42-->[:unityLibrary] AndroidManifest.xml:34:9-32
43        android:version="1" />
43-->[:unityLibrary] AndroidManifest.xml:35:9-28
44
45    <application
45-->src\main\AndroidManifest.xml:3:3-83
46        android:allowBackup="false"
46-->[:unityLibrary] AndroidManifest.xml:38:9-36
47        android:extractNativeLibs="true"
47-->[:unityLibrary] AndroidManifest.xml:39:9-41
48        android:icon="@mipmap/app_icon"
48-->src\main\AndroidManifest.xml:3:49-80
49        android:label="@string/app_name"
49-->src\main\AndroidManifest.xml:3:16-48
50        android:networkSecurityConfig="@xml/network_sec_config" >
50-->[:unityLibrary] AndroidManifest.xml:42:9-64
51        <meta-data
51-->[:unityLibrary] AndroidManifest.xml:43:9-45:33
52            android:name="unity.splash-mode"
52-->[:unityLibrary] AndroidManifest.xml:44:13-45
53            android:value="0" />
53-->[:unityLibrary] AndroidManifest.xml:45:13-30
54        <meta-data
54-->[:unityLibrary] AndroidManifest.xml:46:9-48:36
55            android:name="unity.splash-enable"
55-->[:unityLibrary] AndroidManifest.xml:47:13-47
56            android:value="True" />
56-->[:unityLibrary] AndroidManifest.xml:48:13-33
57        <meta-data
57-->[:unityLibrary] AndroidManifest.xml:49:9-51:36
58            android:name="unity.launch-fullscreen"
58-->[:unityLibrary] AndroidManifest.xml:50:13-51
59            android:value="True" />
59-->[:unityLibrary] AndroidManifest.xml:51:13-33
60        <meta-data
60-->[:unityLibrary] AndroidManifest.xml:52:9-54:37
61            android:name="unity.allow-resizable-window"
61-->[:unityLibrary] AndroidManifest.xml:53:13-56
62            android:value="False" />
62-->[:unityLibrary] AndroidManifest.xml:54:13-34
63        <meta-data
63-->[:unityLibrary] AndroidManifest.xml:55:9-57:50
64            android:name="notch.config"
64-->[:unityLibrary] AndroidManifest.xml:56:13-40
65            android:value="portrait|landscape" />
65-->[:unityLibrary] AndroidManifest.xml:57:13-47
66        <meta-data
66-->[:unityLibrary] AndroidManifest.xml:58:9-60:36
67            android:name="unity.auto-report-fully-drawn"
67-->[:unityLibrary] AndroidManifest.xml:59:13-57
68            android:value="true" />
68-->[:unityLibrary] AndroidManifest.xml:60:13-33
69
70        <activity
70-->[:unityLibrary] AndroidManifest.xml:62:9-88:20
71            android:name="com.unity3d.player.UnityPlayerActivity"
71-->[:unityLibrary] AndroidManifest.xml:63:13-66
72            android:configChanges="keyboard|keyboardHidden|navigation|orientation|screenLayout|screenSize|uiMode"
72-->[:unityLibrary] AndroidManifest.xml:64:13-114
73            android:exported="true"
73-->[:unityLibrary] AndroidManifest.xml:65:13-36
74            android:hardwareAccelerated="false"
74-->[:unityLibrary] AndroidManifest.xml:66:13-48
75            android:launchMode="singleTask"
75-->[:unityLibrary] AndroidManifest.xml:67:13-44
76            android:resizeableActivity="false"
76-->[:unityLibrary] AndroidManifest.xml:68:13-47
77            android:screenOrientation="landscape"
77-->[:unityLibrary] AndroidManifest.xml:69:13-50
78            android:theme="@android:style/Theme.Black.NoTitleBar.Fullscreen" >
78-->[:unityLibrary] AndroidManifest.xml:70:13-77
79            <intent-filter>
79-->[:unityLibrary] AndroidManifest.xml:71:13-77:29
80                <category android:name="android.intent.category.LAUNCHER" />
80-->[:unityLibrary] AndroidManifest.xml:72:17-77
80-->[:unityLibrary] AndroidManifest.xml:72:27-74
81
82                <action android:name="android.intent.action.MAIN" />
82-->[:unityLibrary] AndroidManifest.xml:74:17-69
82-->[:unityLibrary] AndroidManifest.xml:74:25-66
83
84                <category android:name="com.oculus.intent.category.VR" />
84-->[:unityLibrary] AndroidManifest.xml:76:17-74
84-->[:unityLibrary] AndroidManifest.xml:76:27-71
85            </intent-filter>
86
87            <meta-data
87-->[:unityLibrary] AndroidManifest.xml:79:13-81:40
88                android:name="unityplayer.UnityActivity"
88-->[:unityLibrary] AndroidManifest.xml:80:17-57
89                android:value="true" />
89-->[:unityLibrary] AndroidManifest.xml:81:17-37
90            <meta-data
90-->[:unityLibrary] AndroidManifest.xml:82:13-84:40
91                android:name="notch_support"
91-->[:unityLibrary] AndroidManifest.xml:83:17-45
92                android:value="true" />
92-->[:unityLibrary] AndroidManifest.xml:84:17-37
93            <meta-data
93-->[:unityLibrary] AndroidManifest.xml:85:13-87:40
94                android:name="com.oculus.vr.focusaware"
94-->[:unityLibrary] AndroidManifest.xml:86:17-56
95                android:value="true" />
95-->[:unityLibrary] AndroidManifest.xml:87:17-37
96        </activity>
97
98        <meta-data
98-->[:unityLibrary] AndroidManifest.xml:90:9-92:39
99            android:name="com.samsung.android.vr.application.mode"
99-->[:unityLibrary] AndroidManifest.xml:91:13-67
100            android:value="vr_only" />
100-->[:unityLibrary] AndroidManifest.xml:92:13-36
101        <meta-data
101-->[:unityLibrary] AndroidManifest.xml:93:9-95:37
102            android:name="com.unity.xr.oculus.LowOverheadMode"
102-->[:unityLibrary] AndroidManifest.xml:94:13-63
103            android:value="false" />
103-->[:unityLibrary] AndroidManifest.xml:95:13-34
104        <meta-data
104-->[:unityLibrary] AndroidManifest.xml:96:9-98:37
105            android:name="com.unity.xr.oculus.LateLatching"
105-->[:unityLibrary] AndroidManifest.xml:97:13-60
106            android:value="false" />
106-->[:unityLibrary] AndroidManifest.xml:98:13-34
107        <meta-data
107-->[:unityLibrary] AndroidManifest.xml:99:9-101:37
108            android:name="com.unity.xr.oculus.LateLatchingDebug"
108-->[:unityLibrary] AndroidManifest.xml:100:13-65
109            android:value="false" />
109-->[:unityLibrary] AndroidManifest.xml:101:13-34
110        <meta-data
110-->[:unityLibrary] AndroidManifest.xml:102:9-104:47
111            android:name="com.oculus.supportedDevices"
111-->[:unityLibrary] AndroidManifest.xml:103:13-55
112            android:value="quest2|questpro" />
112-->[:unityLibrary] AndroidManifest.xml:104:13-44
113    </application>
114
115</manifest>